-------------------------------------------------------------------------------
Test set: com.mycompany.circleci2.CircleTestTest
-------------------------------------------------------------------------------
Tests run: 4, Failures: 1, Errors: 0, Skipped: 0, Time elapsed: 0.052 s <<< FAILURE! - in com.mycompany.circleci2.CircleTestTest
testSum(com.mycompany.circleci2.CircleTestTest)  Time elapsed: 0.007 s  <<< FAILURE!
java.lang.AssertionError: expected:<23> but was:<22>
	at com.mycompany.circleci2.CircleTestTest.testSum(CircleTestTest.java:52)

