<?xml version="1.0" encoding="UTF-8"?>
<testsuite xmlns:xsi="http://www.w3.org/2001/XMLSchema-instance" xsi:noNamespaceSchemaLocation="https://maven.apache.org/surefire/maven-surefire-plugin/xsd/surefire-test-report.xsd" name="com.mycompany.circleci2.CircleTestTest" time="0.052" tests="4" errors="0" skipped="0" failures="1">
  <properties>
[...]
</properties>
  <testcase name="testSum" classname="com.mycompany.circleci2.CircleTestTest" time="0.007">
    <failure message="expected:&lt;23&gt; but was:&lt;22&gt;" type="java.lang.AssertionError"><![CDATA[java.lang.AssertionError: expected:<23> but was:<22>
	at com.mycompany.circleci2.CircleTestTest.testSum(CircleTestTest.java:52)
]]></failure>
    <system-out><![CDATA[sum
22    23
]]></system-out>
  </testcase>
  <testcase name="testMulti" classname="com.mycompany.circleci2.CircleTestTest" time="0.002"/>
  <testcase name="testMultiWhenValueLessthan0" classname="com.mycompany.circleci2.CircleTestTest" time="0"/>
  <testcase name="testMultix" classname="com.mycompany.circleci2.CircleTestTest" time="0.001"/>
</testsuite>